Determining if the function sgemm_ exists failed with the following output:
Change Dir: /home/robot/robot_ws/RTECAT_Mobile/build/CMakeFiles/CMakeTmp

Run Build Command(s):/usr/bin/make cmTC_b3d57/fast && /usr/bin/make -f CMakeFiles/cmTC_b3d57.dir/build.make CMakeFiles/cmTC_b3d57.dir/build
make[1]: Entering directory '/home/robot/robot_ws/RTECAT_Mobile/build/CMakeFiles/CMakeTmp'
Building C object CMakeFiles/cmTC_b3d57.dir/CheckFunctionExists.c.o
/usr/bin/gcc   -DCHECK_FUNCTION_EXISTS=sgemm_   -o CMakeFiles/cmTC_b3d57.dir/CheckFunctionExists.c.o   -c /usr/share/cmake-3.16/Modules/CheckFunctionExists.c
Linking C executable cmTC_b3d57
/usr/bin/cmake -E cmake_link_script CMakeFiles/cmTC_b3d57.dir/link.txt --verbose=1
/usr/bin/gcc  -DCHECK_FUNCTION_EXISTS=sgemm_    CMakeFiles/cmTC_b3d57.dir/CheckFunctionExists.c.o  -o cmTC_b3d57 
/usr/bin/ld: CMakeFiles/cmTC_b3d57.dir/CheckFunctionExists.c.o: in function `main':
CheckFunctionExists.c:(.text+0x14): undefined reference to `sgemm_'
collect2: error: ld returned 1 exit status
make[1]: *** [CMakeFiles/cmTC_b3d57.dir/build.make:87: cmTC_b3d57] Error 1
make[1]: Leaving directory '/home/robot/robot_ws/RTECAT_Mobile/build/CMakeFiles/CMakeTmp'
make: *** [Makefile:121: cmTC_b3d57/fast] Error 2



Performing C SOURCE FILE Test CMAKE_HAVE_LIBC_PTHREAD failed with the following output:
Change Dir: /home/robot/robot_ws/RTECAT_Mobile/build/CMakeFiles/CMakeTmp

Run Build Command(s):/usr/bin/make cmTC_aa461/fast && /usr/bin/make -f CMakeFiles/cmTC_aa461.dir/build.make CMakeFiles/cmTC_aa461.dir/build
make[1]: Entering directory '/home/robot/robot_ws/RTECAT_Mobile/build/CMakeFiles/CMakeTmp'
Building C object CMakeFiles/cmTC_aa461.dir/src.c.o
/usr/bin/gcc   -DCMAKE_HAVE_LIBC_PTHREAD   -o CMakeFiles/cmTC_aa461.dir/src.c.o   -c /home/robot/robot_ws/RTECAT_Mobile/build/CMakeFiles/CMakeTmp/src.c
Linking C executable cmTC_aa461
/usr/bin/cmake -E cmake_link_script CMakeFiles/cmTC_aa461.dir/link.txt --verbose=1
/usr/bin/gcc  -DCMAKE_HAVE_LIBC_PTHREAD    CMakeFiles/cmTC_aa461.dir/src.c.o  -o cmTC_aa461 
/usr/bin/ld: CMakeFiles/cmTC_aa461.dir/src.c.o: in function `main':
src.c:(.text+0x46): undefined reference to `pthread_create'
/usr/bin/ld: src.c:(.text+0x52): undefined reference to `pthread_detach'
/usr/bin/ld: src.c:(.text+0x63): undefined reference to `pthread_join'
collect2: error: ld returned 1 exit status
make[1]: *** [CMakeFiles/cmTC_aa461.dir/build.make:87: cmTC_aa461] Error 1
make[1]: Leaving directory '/home/robot/robot_ws/RTECAT_Mobile/build/CMakeFiles/CMakeTmp'
make: *** [Makefile:121: cmTC_aa461/fast] Error 2


Source file was:
#include <pthread.h>

void* test_func(void* data)
{
  return data;
}

int main(void)
{
  pthread_t thread;
  pthread_create(&thread, NULL, test_func, NULL);
  pthread_detach(thread);
  pthread_join(thread, NULL);
  pthread_atfork(NULL, NULL, NULL);
  pthread_exit(NULL);

  return 0;
}

Determining if the function pthread_create exists in the pthreads failed with the following output:
Change Dir: /home/robot/robot_ws/RTECAT_Mobile/build/CMakeFiles/CMakeTmp

Run Build Command(s):/usr/bin/make cmTC_c3b62/fast && /usr/bin/make -f CMakeFiles/cmTC_c3b62.dir/build.make CMakeFiles/cmTC_c3b62.dir/build
make[1]: Entering directory '/home/robot/robot_ws/RTECAT_Mobile/build/CMakeFiles/CMakeTmp'
Building C object CMakeFiles/cmTC_c3b62.dir/CheckFunctionExists.c.o
/usr/bin/gcc   -DCHECK_FUNCTION_EXISTS=pthread_create   -o CMakeFiles/cmTC_c3b62.dir/CheckFunctionExists.c.o   -c /usr/share/cmake-3.16/Modules/CheckFunctionExists.c
Linking C executable cmTC_c3b62
/usr/bin/cmake -E cmake_link_script CMakeFiles/cmTC_c3b62.dir/link.txt --verbose=1
/usr/bin/gcc  -DCHECK_FUNCTION_EXISTS=pthread_create    CMakeFiles/cmTC_c3b62.dir/CheckFunctionExists.c.o  -o cmTC_c3b62  -lpthreads 
/usr/bin/ld: cannot find -lpthreads
collect2: error: ld returned 1 exit status
make[1]: *** [CMakeFiles/cmTC_c3b62.dir/build.make:87: cmTC_c3b62] Error 1
make[1]: Leaving directory '/home/robot/robot_ws/RTECAT_Mobile/build/CMakeFiles/CMakeTmp'
make: *** [Makefile:121: cmTC_c3b62/fast] Error 2



Determining if the function cheev_ exists failed with the following output:
Change Dir: /home/robot/robot_ws/RTECAT_Mobile/build/CMakeFiles/CMakeTmp

Run Build Command(s):/usr/bin/make cmTC_aca03/fast && /usr/bin/make -f CMakeFiles/cmTC_aca03.dir/build.make CMakeFiles/cmTC_aca03.dir/build
make[1]: Entering directory '/home/robot/robot_ws/RTECAT_Mobile/build/CMakeFiles/CMakeTmp'
Building C object CMakeFiles/cmTC_aca03.dir/CheckFunctionExists.c.o
/usr/bin/gcc   -DCHECK_FUNCTION_EXISTS=cheev_   -o CMakeFiles/cmTC_aca03.dir/CheckFunctionExists.c.o   -c /usr/share/cmake-3.16/Modules/CheckFunctionExists.c
Linking C executable cmTC_aca03
/usr/bin/cmake -E cmake_link_script CMakeFiles/cmTC_aca03.dir/link.txt --verbose=1
/usr/bin/gcc  -DCHECK_FUNCTION_EXISTS=cheev_    CMakeFiles/cmTC_aca03.dir/CheckFunctionExists.c.o  -o cmTC_aca03  /usr/lib/x86_64-linux-gnu/libblas.so 
/usr/bin/ld: CMakeFiles/cmTC_aca03.dir/CheckFunctionExists.c.o: in function `main':
CheckFunctionExists.c:(.text+0x14): undefined reference to `cheev_'
collect2: error: ld returned 1 exit status
make[1]: *** [CMakeFiles/cmTC_aca03.dir/build.make:88: cmTC_aca03] Error 1
make[1]: Leaving directory '/home/robot/robot_ws/RTECAT_Mobile/build/CMakeFiles/CMakeTmp'
make: *** [Makefile:121: cmTC_aca03/fast] Error 2



